Determining if the pthread_create exist failed with the following output:
Change Dir: /home/pi/catkin_ws/src/demo/CMakeFiles/CMakeTmp

Run Build Command:"/usr/bin/make" "cmTC_65da6/fast"
/usr/bin/make -f CMakeFiles/cmTC_65da6.dir/build.make CMakeFiles/cmTC_65da6.dir/build
make[1]: Entering directory '/home/pi/catkin_ws/src/demo/CMakeFiles/CMakeTmp'
Building C object CMakeFiles/cmTC_65da6.dir/CheckSymbolExists.c.o
/usr/bin/cc     -o CMakeFiles/cmTC_65da6.dir/CheckSymbolExists.c.o   -c /home/pi/catkin_ws/src/demo/CMakeFiles/CMakeTmp/CheckSymbolExists.c
Linking C executable cmTC_65da6
/usr/bin/cmake -E cmake_link_script CMakeFiles/cmTC_65da6.dir/link.txt --verbose=1
/usr/bin/cc       CMakeFiles/cmTC_65da6.dir/CheckSymbolExists.c.o  -o cmTC_65da6 -rdynamic 
CMakeFiles/cmTC_65da6.dir/CheckSymbolExists.c.o: In function `main':
CheckSymbolExists.c:(.text+0x38): undefined reference to `pthread_create'
collect2: error: ld returned 1 exit status
CMakeFiles/cmTC_65da6.dir/build.make:97: recipe for target 'cmTC_65da6' failed
make[1]: *** [cmTC_65da6] Error 1
make[1]: Leaving directory '/home/pi/catkin_ws/src/demo/CMakeFiles/CMakeTmp'
Makefile:126: recipe for target 'cmTC_65da6/fast' failed
make: *** [cmTC_65da6/fast] Error 2

File /home/pi/catkin_ws/src/demo/CMakeFiles/CMakeTmp/CheckSymbolExists.c:
/* */
#include <pthread.h>

int main(int argc, char** argv)
{
  (void)argv;
#ifndef pthread_create
  return ((int*)(&pthread_create))[argc];
#else
  (void)argc;
  return 0;
#endif
}

Determining if the function pthread_create exists in the pthreads failed with the following output:
Change Dir: /home/pi/catkin_ws/src/demo/CMakeFiles/CMakeTmp

Run Build Command:"/usr/bin/make" "cmTC_fc21c/fast"
/usr/bin/make -f CMakeFiles/cmTC_fc21c.dir/build.make CMakeFiles/cmTC_fc21c.dir/build
make[1]: Entering directory '/home/pi/catkin_ws/src/demo/CMakeFiles/CMakeTmp'
Building C object CMakeFiles/cmTC_fc21c.dir/CheckFunctionExists.c.o
/usr/bin/cc    -DCHECK_FUNCTION_EXISTS=pthread_create   -o CMakeFiles/cmTC_fc21c.dir/CheckFunctionExists.c.o   -c /usr/share/cmake-3.7/Modules/CheckFunctionExists.c
Linking C executable cmTC_fc21c
/usr/bin/cmake -E cmake_link_script CMakeFiles/cmTC_fc21c.dir/link.txt --verbose=1
/usr/bin/cc   -DCHECK_FUNCTION_EXISTS=pthread_create    CMakeFiles/cmTC_fc21c.dir/CheckFunctionExists.c.o  -o cmTC_fc21c -rdynamic -lpthreads 
/usr/bin/ld: cannot find -lpthreads
collect2: error: ld returned 1 exit status
CMakeFiles/cmTC_fc21c.dir/build.make:97: recipe for target 'cmTC_fc21c' failed
make[1]: *** [cmTC_fc21c] Error 1
make[1]: Leaving directory '/home/pi/catkin_ws/src/demo/CMakeFiles/CMakeTmp'
Makefile:126: recipe for target 'cmTC_fc21c/fast' failed
make: *** [cmTC_fc21c/fast] Error 2


